(610, 340, 103)
The class numbers of the HSI data is: 9
-----Importing Setting Parameters-----
iter: 0
Train size:  4272
Test size:  38504
Validation size:  4272
-----Selecting Small Pieces from the Original Cube Data-----
edge data size torch.Size([5489, 1, 11, 11, 103])
training on  cuda
epoch 1, train loss 0.083940, train acc 0.860, valida loss 0.000000, valida acc 0.913, time 38.4 sec
0 0.9069767441860465
1 0.924198250728863
2 0.9212827988338192
3 0.9125364431486881
4 0.9125364431486881
5 0.9096209912536443
6 0.9300291545189504
7 0.9212827988338192
8 0.9096209912536443
9 0.9037900874635568
10 0.8950437317784257
11 0.9125364431486881
12 0.9212827988338192
13 0.8833819241982507
14 0.9271137026239067
15 0.924198250728863
epoch 2, train loss 0.064777, train acc 0.958, valida loss 0.000000, valida acc 0.982, time 37.8 sec
0 0.9767441860465116
1 0.9737609329446064
2 0.9854227405247813
3 0.9941690962099126
4 0.9854227405247813
5 0.9766763848396501
6 0.9854227405247813
7 0.9854227405247813
8 0.9766763848396501
9 0.9795918367346939
10 0.9825072886297376
11 0.967930029154519
12 0.9737609329446064
13 0.9970845481049563
14 0.9854227405247813
15 0.9854227405247813
epoch 3, train loss 0.007242, train acc 0.988, valida loss 0.000000, valida acc 0.968, time 38.2 sec
0 0.9709302325581395
1 0.9795918367346939
2 0.9825072886297376
3 0.956268221574344
4 0.967930029154519
5 0.956268221574344
6 0.9650145772594753
7 0.9650145772594753
8 0.9650145772594753
9 0.967930029154519
10 0.9737609329446064
11 0.9591836734693877
12 0.9650145772594753
13 0.9708454810495627
14 0.9737609329446064
15 0.9620991253644315
epoch 4, train loss 0.045863, train acc 0.996, valida loss 0.000000, valida acc 0.980, time 38.2 sec
0 0.9767441860465116
1 0.9854227405247813
2 0.9795918367346939
3 0.9883381924198251
4 0.9737609329446064
5 0.9737609329446064
6 0.9854227405247813
7 0.9912536443148688
8 0.9795918367346939
9 0.9708454810495627
10 0.9766763848396501
11 0.9620991253644315
12 0.9854227405247813
13 0.9854227405247813
14 0.9795918367346939
15 0.9795918367346939
epoch 5, train loss 0.018227, train acc 0.980, valida loss 0.000000, valida acc 0.921, time 37.9 sec
0 0.9186046511627907
1 0.9329446064139941
2 0.9387755102040817
3 0.9300291545189504
4 0.9154518950437318
5 0.8979591836734694
6 0.9096209912536443
7 0.9212827988338192
8 0.9183673469387755
9 0.9008746355685131
10 0.9446064139941691
11 0.8979591836734694
12 0.9067055393586005
13 0.9212827988338192
14 0.9212827988338192
15 0.9533527696793003
epoch 6, train loss 0.007543, train acc 0.989, valida loss 0.000000, valida acc 0.974, time 38.5 sec
0 0.9709302325581395
1 0.9795918367346939
2 0.9737609329446064
3 0.9737609329446064
4 0.9795918367346939
5 0.9708454810495627
6 0.9737609329446064
7 0.967930029154519
8 0.9795918367346939
9 0.9708454810495627
10 0.9795918367346939
11 0.9591836734693877
12 0.9737609329446064
13 0.9825072886297376
14 0.9795918367346939
15 0.9708454810495627
epoch 7, train loss 0.323404, train acc 0.997, valida loss 0.000000, valida acc 0.977, time 38.5 sec
0 0.9680232558139535
1 0.9708454810495627
2 0.9825072886297376
3 0.9941690962099126
4 0.9708454810495627
5 0.9854227405247813
6 0.9854227405247813
7 0.9708454810495627
8 0.9941690962099126
9 0.9708454810495627
10 0.9708454810495627
11 0.9620991253644315
12 0.967930029154519
13 0.9795918367346939
14 0.9825072886297376
15 0.9795918367346939
epoch 8, train loss 0.000225, train acc 0.999, valida loss 0.000000, valida acc 0.994, time 38.6 sec
0 0.9912790697674418
1 0.9912536443148688
2 0.9941690962099126
3 0.9941690962099126
4 0.9912536443148688
5 0.9970845481049563
6 0.9970845481049563
7 0.9941690962099126
8 0.9970845481049563
9 0.9970845481049563
10 0.9883381924198251
11 0.9941690962099126
12 0.9970845481049563
13 0.9941690962099126
14 0.9941690962099126
15 0.9970845481049563
epoch 9, train loss 0.000145, train acc 1.000, valida loss 0.000000, valida acc 0.991, time 38.5 sec
0 0.9883720930232558
1 0.9883381924198251
2 0.9912536443148688
3 0.9912536443148688
4 0.9854227405247813
5 0.9825072886297376
6 0.9970845481049563
7 0.9970845481049563
8 0.9854227405247813
9 0.9912536443148688
10 0.9970845481049563
11 0.9795918367346939
12 0.9941690962099126
13 1.0
14 0.9970845481049563
15 0.9970845481049563
epoch 10, train loss 0.000022, train acc 1.000, valida loss 0.000000, valida acc 0.992, time 38.4 sec
0 0.9912790697674418
1 0.9883381924198251
2 0.9941690962099126
3 0.9912536443148688
4 0.9883381924198251
5 0.9825072886297376
6 0.9970845481049563
7 0.9970845481049563
8 0.9854227405247813
9 0.9912536443148688
10 0.9970845481049563
11 0.9825072886297376
12 0.9941690962099126
13 1.0
14 0.9970845481049563
15 0.9970845481049563
epoch 11, train loss 0.000001, train acc 1.000, valida loss 0.000000, valida acc 0.993, time 38.5 sec
0 0.9941860465116279
1 0.9883381924198251
2 0.9941690962099126
3 0.9912536443148688
4 0.9912536443148688
5 0.9854227405247813
6 0.9970845481049563
7 0.9970845481049563
8 0.9854227405247813
9 0.9941690962099126
10 0.9970845481049563
11 0.9825072886297376
12 0.9941690962099126
13 1.0
14 0.9970845481049563
15 0.9970845481049563
epoch 12, train loss 0.000002, train acc 1.000, valida loss 0.000000, valida acc 0.993, time 38.6 sec
0 0.9941860465116279
1 0.9854227405247813
2 0.9941690962099126
3 0.9912536443148688
4 0.9912536443148688
5 0.9854227405247813
6 0.9970845481049563
7 0.9970845481049563
8 0.9854227405247813
9 0.9941690962099126
10 0.9970845481049563
11 0.9825072886297376
12 0.9941690962099126
13 1.0
14 0.9970845481049563
15 0.9970845481049563
epoch 13, train loss 0.000000, train acc 1.000, valida loss 0.000000, valida acc 0.993, time 38.0 sec
0 0.9941860465116279
1 0.9854227405247813
2 0.9941690962099126
3 0.9912536443148688
4 0.9912536443148688
5 0.9854227405247813
6 0.9970845481049563
7 0.9970845481049563
8 0.9854227405247813
9 0.9941690962099126
10 0.9970845481049563
11 0.9825072886297376
12 0.9941690962099126
13 1.0
14 0.9970845481049563
15 0.9970845481049563
epoch 14, train loss 0.000000, train acc 1.000, valida loss 0.000000, valida acc 0.993, time 38.0 sec
0 0.9941860465116279
1 0.9854227405247813
2 0.9941690962099126
3 0.9912536443148688
4 0.9912536443148688
5 0.9883381924198251
6 0.9970845481049563
7 0.9970845481049563
8 0.9854227405247813
9 0.9970845481049563
10 0.9970845481049563
11 0.9825072886297376
12 0.9941690962099126
13 1.0
14 0.9970845481049563
15 0.9970845481049563
epoch 15, train loss 0.000004, train acc 1.000, valida loss 0.000000, valida acc 0.993, time 38.1 sec
0 0.9941860465116279
1 0.9854227405247813
2 0.9941690962099126
3 0.9912536443148688
4 0.9912536443148688
5 0.9883381924198251
6 0.9970845481049563
7 0.9970845481049563
8 0.9854227405247813
9 0.9970845481049563
10 0.9970845481049563
11 0.9825072886297376
12 0.9941690962099126
13 1.0
14 0.9970845481049563
15 0.9970845481049563
epoch 16, train loss 0.000002, train acc 1.000, valida loss 0.000000, valida acc 0.993, time 38.1 sec
0 0.9941860465116279
1 0.9854227405247813
2 0.9941690962099126
3 0.9912536443148688
4 0.9912536443148688
5 0.9883381924198251
6 0.9970845481049563
7 0.9941690962099126
8 0.9883381924198251
9 0.9970845481049563
10 0.9970845481049563
11 0.9854227405247813
12 0.9941690962099126
13 1.0
14 0.9970845481049563
15 0.9970845481049563
epoch 17, train loss 0.000002, train acc 1.000, valida loss 0.000000, valida acc 0.993, time 38.1 sec
0 0.9941860465116279
1 0.9854227405247813
2 0.9941690962099126
3 0.9912536443148688
4 0.9912536443148688
5 0.9883381924198251
6 0.9970845481049563
7 0.9941690962099126
8 0.9883381924198251
9 0.9970845481049563
10 0.9970845481049563
11 0.9854227405247813
12 0.9941690962099126
13 1.0
14 0.9970845481049563
15 0.9970845481049563
epoch 18, train loss 0.000000, train acc 1.000, valida loss 0.000000, valida acc 0.993, time 38.3 sec
0 0.9941860465116279
1 0.9854227405247813
2 0.9941690962099126
3 0.9912536443148688
4 0.9912536443148688
5 0.9912536443148688
6 0.9970845481049563
7 0.9941690962099126
8 0.9883381924198251
9 0.9970845481049563
10 0.9941690962099126
11 0.9854227405247813
12 0.9941690962099126
13 1.0
14 0.9970845481049563
15 0.9970845481049563
epoch 19, train loss 0.000000, train acc 1.000, valida loss 0.000000, valida acc 0.993, time 38.1 sec
0 0.9941860465116279
1 0.9854227405247813
2 0.9941690962099126
3 0.9912536443148688
4 0.9912536443148688
5 0.9912536443148688
6 0.9970845481049563
7 0.9941690962099126
8 0.9883381924198251
9 0.9970845481049563
10 0.9941690962099126
11 0.9854227405247813
12 0.9941690962099126
13 1.0
14 0.9970845481049563
15 0.9970845481049563
epoch 20, train loss 0.000001, train acc 1.000, valida loss 0.000000, valida acc 0.993, time 38.0 sec
0 0.9941860465116279
1 0.9854227405247813
2 0.9941690962099126
3 0.9912536443148688
4 0.9912536443148688
5 0.9912536443148688
6 0.9970845481049563
7 0.9941690962099126
8 0.9883381924198251
9 0.9970845481049563
10 0.9941690962099126
11 0.9854227405247813
12 0.9941690962099126
13 1.0
14 0.9970845481049563
15 0.9970845481049563
epoch 21, train loss 0.000000, train acc 1.000, valida loss 0.000000, valida acc 0.993, time 38.0 sec
0 0.9941860465116279
1 0.9854227405247813
2 0.9941690962099126
3 0.9912536443148688
4 0.9912536443148688
5 0.9912536443148688
6 0.9970845481049563
7 0.9941690962099126
8 0.9883381924198251
9 0.9970845481049563
10 0.9941690962099126
11 0.9854227405247813
12 0.9941690962099126
13 1.0
14 0.9970845481049563
15 0.9970845481049563
epoch 22, train loss 0.000003, train acc 1.000, valida loss 0.000000, valida acc 0.993, time 38.1 sec
0 0.9941860465116279
1 0.9854227405247813
2 0.9941690962099126
3 0.9912536443148688
4 0.9912536443148688
5 0.9912536443148688
6 0.9970845481049563
7 0.9941690962099126
8 0.9883381924198251
9 0.9970845481049563
10 0.9941690962099126
11 0.9883381924198251
12 0.9941690962099126
13 1.0
14 0.9970845481049563
15 0.9970845481049563
epoch 23, train loss 0.000002, train acc 1.000, valida loss 0.000000, valida acc 0.993, time 38.2 sec
0 0.9941860465116279
1 0.9854227405247813
2 0.9941690962099126
3 0.9912536443148688
4 0.9912536443148688
5 0.9912536443148688
6 0.9970845481049563
7 0.9941690962099126
8 0.9883381924198251
9 0.9970845481049563
10 0.9941690962099126
11 0.9883381924198251
12 0.9941690962099126
13 1.0
14 0.9970845481049563
15 0.9970845481049563
epoch 24, train loss 0.000000, train acc 1.000, valida loss 0.000000, valida acc 0.993, time 38.2 sec
0 0.9941860465116279
1 0.9854227405247813
2 0.9941690962099126
3 0.9912536443148688
4 0.9912536443148688
5 0.9912536443148688
6 0.9970845481049563
7 0.9941690962099126
8 0.9883381924198251
9 0.9970845481049563
10 0.9941690962099126
11 0.9883381924198251
12 0.9941690962099126
13 1.0
14 0.9970845481049563
15 0.9970845481049563
epoch 25, train loss 0.000000, train acc 1.000, valida loss 0.000000, valida acc 0.993, time 38.1 sec
0 0.9941860465116279
1 0.9854227405247813
2 0.9941690962099126
3 0.9912536443148688
4 0.9912536443148688
5 0.9912536443148688
6 0.9970845481049563
7 0.9941690962099126
8 0.9883381924198251
9 0.9970845481049563
10 0.9941690962099126
11 0.9883381924198251
12 0.9941690962099126
13 1.0
14 0.9970845481049563
15 0.9970845481049563
epoch 26, train loss 0.000001, train acc 1.000, valida loss 0.000000, valida acc 0.993, time 38.6 sec
0 0.9941860465116279
1 0.9854227405247813
2 0.9941690962099126
3 0.9912536443148688
4 0.9912536443148688
5 0.9912536443148688
6 0.9970845481049563
7 0.9941690962099126
8 0.9883381924198251
9 0.9970845481049563
10 0.9941690962099126
11 0.9883381924198251
12 0.9941690962099126
13 1.0
14 0.9970845481049563
15 0.9970845481049563
epoch 27, train loss 0.000001, train acc 1.000, valida loss 0.000000, valida acc 0.993, time 38.6 sec
0 0.9941860465116279
1 0.9854227405247813
2 0.9941690962099126
3 0.9912536443148688
4 0.9883381924198251
5 0.9912536443148688
6 0.9970845481049563
7 0.9941690962099126
8 0.9883381924198251
9 0.9970845481049563
10 0.9941690962099126
11 0.9883381924198251
12 0.9941690962099126
13 1.0
14 0.9970845481049563
15 0.9970845481049563
epoch 28, train loss 0.000000, train acc 1.000, valida loss 0.000000, valida acc 0.993, time 38.7 sec
0 0.9941860465116279
1 0.9854227405247813
2 0.9941690962099126
3 0.9912536443148688
4 0.9883381924198251
5 0.9912536443148688
6 0.9970845481049563
7 0.9941690962099126
8 0.9883381924198251
9 0.9970845481049563
10 0.9941690962099126
11 0.9883381924198251
12 0.9941690962099126
13 1.0
14 0.9970845481049563
15 0.9970845481049563
epoch 29, train loss 0.000000, train acc 1.000, valida loss 0.000000, valida acc 0.993, time 38.7 sec
0 0.9941860465116279
1 0.9883381924198251
2 0.9941690962099126
3 0.9912536443148688
4 0.9883381924198251
5 0.9912536443148688
6 0.9970845481049563
7 0.9941690962099126
8 0.9883381924198251
9 0.9970845481049563
10 0.9941690962099126
11 0.9883381924198251
12 0.9941690962099126
13 1.0
14 0.9970845481049563
15 0.9970845481049563
epoch 30, train loss 0.000000, train acc 1.000, valida loss 0.000000, valida acc 0.994, time 38.6 sec
0 0.9941860465116279
1 0.9941690962099126
2 0.9941690962099126
3 0.9941690962099126
4 0.9883381924198251
5 0.9912536443148688
6 0.9970845481049563
7 0.9941690962099126
8 0.9883381924198251
9 0.9970845481049563
10 0.9941690962099126
11 0.9883381924198251
12 0.9941690962099126
13 1.0
14 0.9970845481049563
15 0.9970845481049563
epoch 30, loss 0.0000, train acc 1.000, time 1148.3 sec
iter: 1
Train size:  4272
Test size:  38504
Validation size:  4272
-----Selecting Small Pieces from the Original Cube Data-----
edge data size torch.Size([5489, 1, 11, 11, 103])
training on  cuda
epoch 1, train loss 0.190641, train acc 0.846, valida loss 0.000000, valida acc 0.966, time 38.1 sec
0 0.9825581395348837
1 0.9504373177842566
2 0.967930029154519
3 0.9620991253644315
4 0.9737609329446064
5 0.9795918367346939
6 0.9620991253644315
7 0.9591836734693877
8 0.9795918367346939
9 0.9475218658892128
10 0.9650145772594753
11 0.9620991253644315
12 0.9591836734693877
13 0.9650145772594753
14 0.9708454810495627
15 0.9650145772594753
epoch 2, train loss 0.123477, train acc 0.929, valida loss 0.000000, valida acc 0.913, time 38.2 sec
0 0.9156976744186046
1 0.9416909620991254
2 0.9008746355685131
3 0.9271137026239067
4 0.9096209912536443
5 0.9096209912536443
6 0.9416909620991254
7 0.9008746355685131
8 0.9271137026239067
9 0.8979591836734694
10 0.8979591836734694
11 0.9183673469387755
12 0.9154518950437318
13 0.9329446064139941
14 0.8833819241982507
15 0.8862973760932945
epoch 3, train loss 0.002565, train acc 0.981, valida loss 0.000000, valida acc 0.961, time 38.4 sec
0 0.9563953488372093
1 0.9533527696793003
2 0.9708454810495627
3 0.9650145772594753
4 0.956268221574344
5 0.9650145772594753
6 0.9620991253644315
7 0.9650145772594753
8 0.9533527696793003
9 0.9591836734693877
10 0.9591836734693877
11 0.9533527696793003
12 0.9795918367346939
13 0.9620991253644315
14 0.9533527696793003
15 0.9650145772594753
epoch 4, train loss 0.001236, train acc 0.987, valida loss 0.000000, valida acc 0.976, time 38.3 sec
0 0.9767441860465116
1 0.9795918367346939
2 0.9825072886297376
3 0.9912536443148688
4 0.9650145772594753
5 0.9620991253644315
6 0.9941690962099126
7 0.9825072886297376
8 0.9825072886297376
9 0.9591836734693877
10 0.9737609329446064
11 0.9737609329446064
12 0.9941690962099126
13 0.9766763848396501
14 0.9650145772594753
15 0.9650145772594753
epoch 5, train loss 0.039598, train acc 0.994, valida loss 0.000000, valida acc 0.970, time 38.1 sec
0 0.9796511627906976
1 0.9825072886297376
2 0.9825072886297376
3 0.9795918367346939
4 0.9620991253644315
5 0.9650145772594753
6 0.9737609329446064
7 0.9650145772594753
8 0.9591836734693877
9 0.956268221574344
10 0.9620991253644315
11 0.956268221574344
12 0.9883381924198251
13 0.9650145772594753
14 0.967930029154519
15 0.9708454810495627
epoch 6, train loss 0.000919, train acc 0.987, valida loss 0.000000, valida acc 0.984, time 38.0 sec
0 0.9796511627906976
1 0.9854227405247813
2 0.9970845481049563
3 0.9912536443148688
4 0.9766763848396501
5 0.9650145772594753
6 0.9941690962099126
7 0.9883381924198251
8 0.9883381924198251
9 0.9737609329446064
10 0.9795918367346939
11 0.9825072886297376
12 0.9970845481049563
13 0.9795918367346939
14 0.9737609329446064
15 0.9854227405247813
epoch 7, train loss 0.000377, train acc 0.990, valida loss 0.000000, valida acc 0.979, time 38.3 sec
0 0.9854651162790697
1 0.967930029154519
2 0.9854227405247813
3 0.9854227405247813
4 0.9766763848396501
5 0.9883381924198251
6 0.9825072886297376
7 0.9825072886297376
8 0.9854227405247813
9 0.9854227405247813
10 0.9620991253644315
11 0.9766763848396501
12 0.9795918367346939
13 0.9795918367346939
14 0.9650145772594753
15 0.9708454810495627
epoch 8, train loss 0.130103, train acc 0.993, valida loss 0.000000, valida acc 0.966, time 38.4 sec
0 0.9622093023255814
1 0.9591836734693877
2 0.967930029154519
3 0.9591836734693877
4 0.9533527696793003
5 0.9591836734693877
6 0.9504373177842566
7 0.9766763848396501
8 0.9737609329446064
9 0.9737609329446064
10 0.9620991253644315
11 0.967930029154519
12 0.9795918367346939
13 0.9708454810495627
14 0.9650145772594753
15 0.967930029154519
epoch 9, train loss 0.000098, train acc 0.991, valida loss 0.000000, valida acc 0.986, time 38.0 sec
0 0.9854651162790697
1 0.9825072886297376
2 0.9941690962099126
3 0.9883381924198251
4 0.9854227405247813
5 0.9912536443148688
6 0.9912536443148688
7 0.9825072886297376
8 0.9912536443148688
9 0.9795918367346939
10 0.9737609329446064
11 0.9883381924198251
12 0.9970845481049563
13 0.9854227405247813
14 0.9825072886297376
15 0.9795918367346939
epoch 10, train loss 0.001006, train acc 0.996, valida loss 0.000000, valida acc 0.984, time 38.6 sec
0 0.9796511627906976
1 0.9970845481049563
2 0.9825072886297376
3 0.9795918367346939
4 0.9912536443148688
5 0.9825072886297376
6 0.9825072886297376
7 0.9650145772594753
8 0.9883381924198251
9 0.9854227405247813
10 0.9825072886297376
11 0.9766763848396501
12 0.9912536443148688
13 0.9854227405247813
14 0.9912536443148688
15 0.9883381924198251
epoch 11, train loss 0.000047, train acc 1.000, valida loss 0.000000, valida acc 0.986, time 38.2 sec
0 0.9854651162790697
1 0.9970845481049563
2 0.9883381924198251
3 0.9912536443148688
4 0.9766763848396501
5 0.9854227405247813
6 0.9912536443148688
7 0.9737609329446064
8 0.9883381924198251
9 0.9912536443148688
10 0.9708454810495627
11 0.9825072886297376
12 0.9941690962099126
13 0.9854227405247813
14 0.9883381924198251
15 0.9912536443148688
epoch 12, train loss 0.000107, train acc 1.000, valida loss 0.000000, valida acc 0.983, time 38.6 sec
0 0.9796511627906976
1 0.9883381924198251
2 0.9825072886297376
3 0.9883381924198251
4 0.9766763848396501
5 0.9941690962099126
6 0.9883381924198251
7 0.9650145772594753
8 0.9795918367346939
9 0.9825072886297376
10 0.967930029154519
11 0.9854227405247813
12 0.9941690962099126
13 0.9854227405247813
14 0.9825072886297376
15 0.9825072886297376
epoch 13, train loss 0.000010, train acc 1.000, valida loss 0.000000, valida acc 0.989, time 38.5 sec
0 0.9941860465116279
1 0.9970845481049563
2 0.9883381924198251
3 0.9912536443148688
4 0.9883381924198251
5 0.9941690962099126
6 0.9883381924198251
7 0.9737609329446064
8 0.9912536443148688
9 0.9941690962099126
10 0.9795918367346939
11 0.9825072886297376
12 0.9970845481049563
13 0.9883381924198251
14 0.9912536443148688
15 0.9883381924198251
epoch 14, train loss 0.000064, train acc 1.000, valida loss 0.000000, valida acc 0.990, time 38.6 sec
0 0.9941860465116279
1 0.9970845481049563
2 0.9941690962099126
3 0.9912536443148688
4 0.9883381924198251
5 0.9941690962099126
6 0.9883381924198251
7 0.9708454810495627
8 0.9912536443148688
9 0.9941690962099126
10 0.9795918367346939
11 0.9883381924198251
12 0.9970845481049563
13 0.9883381924198251
14 0.9912536443148688
15 0.9883381924198251
epoch 15, train loss 0.000008, train acc 1.000, valida loss 0.000000, valida acc 0.991, time 38.5 sec
0 0.9941860465116279
1 0.9970845481049563
2 0.9941690962099126
3 0.9912536443148688
4 0.9912536443148688
5 0.9941690962099126
6 0.9912536443148688
7 0.9737609329446064
8 0.9912536443148688
9 0.9941690962099126
10 0.9795918367346939
11 0.9912536443148688
12 0.9970845481049563
13 0.9883381924198251
14 0.9912536443148688
15 0.9883381924198251
epoch 16, train loss 0.000005, train acc 1.000, valida loss 0.000000, valida acc 0.990, time 38.5 sec
0 0.9912790697674418
1 0.9970845481049563
2 0.9941690962099126
3 0.9912536443148688
4 0.9912536443148688
5 0.9941690962099126
6 0.9912536443148688
7 0.9708454810495627
8 0.9912536443148688
9 0.9941690962099126
10 0.9795918367346939
11 0.9883381924198251
12 0.9970845481049563
13 0.9883381924198251
14 0.9912536443148688
15 0.9883381924198251
epoch 17, train loss 0.000001, train acc 1.000, valida loss 0.000000, valida acc 0.990, time 38.6 sec
0 0.9912790697674418
1 0.9970845481049563
2 0.9941690962099126
3 0.9912536443148688
4 0.9912536443148688
5 0.9941690962099126
6 0.9912536443148688
7 0.9708454810495627
8 0.9912536443148688
9 0.9941690962099126
10 0.9795918367346939
11 0.9883381924198251
12 0.9970845481049563
13 0.9883381924198251
14 0.9912536443148688
15 0.9883381924198251
epoch 18, train loss 0.000000, train acc 1.000, valida loss 0.000000, valida acc 0.990, time 38.6 sec
0 0.9912790697674418
1 0.9970845481049563
2 0.9941690962099126
3 0.9912536443148688
4 0.9912536443148688
5 0.9941690962099126
6 0.9912536443148688
7 0.9737609329446064
8 0.9912536443148688
9 0.9941690962099126
10 0.9795918367346939
11 0.9883381924198251
12 0.9970845481049563
13 0.9912536443148688
14 0.9912536443148688
15 0.9883381924198251
epoch 19, train loss 0.000076, train acc 1.000, valida loss 0.000000, valida acc 0.990, time 38.4 sec
0 0.9912790697674418
1 0.9970845481049563
2 0.9941690962099126
3 0.9912536443148688
4 0.9912536443148688
5 0.9941690962099126
6 0.9912536443148688
7 0.9737609329446064
8 0.9912536443148688
9 0.9941690962099126
10 0.9795918367346939
11 0.9883381924198251
12 0.9970845481049563
13 0.9912536443148688
14 0.9912536443148688
15 0.9883381924198251
epoch 20, train loss 0.000000, train acc 1.000, valida loss 0.000000, valida acc 0.990, time 38.2 sec
0 0.9912790697674418
1 0.9941690962099126
2 0.9941690962099126
3 0.9912536443148688
4 0.9912536443148688
5 0.9941690962099126
6 0.9912536443148688
7 0.9737609329446064
8 0.9912536443148688
9 0.9941690962099126
10 0.9795918367346939
11 0.9883381924198251
12 0.9970845481049563
13 0.9912536443148688
14 0.9912536443148688
15 0.9883381924198251
epoch 21, train loss 0.000000, train acc 1.000, valida loss 0.000000, valida acc 0.990, time 38.1 sec
0 0.9912790697674418
1 0.9941690962099126
2 0.9941690962099126
3 0.9912536443148688
4 0.9912536443148688
5 0.9941690962099126
6 0.9912536443148688
7 0.9737609329446064
8 0.9912536443148688
9 0.9941690962099126
10 0.9795918367346939
11 0.9883381924198251
12 0.9970845481049563
13 0.9912536443148688
14 0.9912536443148688
15 0.9883381924198251
epoch 22, train loss 0.000006, train acc 1.000, valida loss 0.000000, valida acc 0.990, time 38.4 sec
0 0.9912790697674418
1 0.9941690962099126
2 0.9941690962099126
3 0.9912536443148688
4 0.9912536443148688
5 0.9941690962099126
6 0.9912536443148688
7 0.9737609329446064
8 0.9912536443148688
9 0.9941690962099126
10 0.9795918367346939
11 0.9883381924198251
12 0.9970845481049563
13 0.9912536443148688
14 0.9912536443148688
15 0.9883381924198251
epoch 23, train loss 0.000002, train acc 1.000, valida loss 0.000000, valida acc 0.990, time 38.4 sec
0 0.9912790697674418
1 0.9941690962099126
2 0.9941690962099126
3 0.9912536443148688
4 0.9912536443148688
5 0.9941690962099126
6 0.9912536443148688
7 0.9737609329446064
8 0.9912536443148688
9 0.9941690962099126
10 0.9795918367346939
11 0.9883381924198251
12 0.9970845481049563
13 0.9912536443148688
14 0.9912536443148688
15 0.9883381924198251
epoch 24, train loss 0.000000, train acc 1.000, valida loss 0.000000, valida acc 0.990, time 38.4 sec
0 0.9912790697674418
1 0.9941690962099126
2 0.9941690962099126
3 0.9912536443148688
4 0.9912536443148688
5 0.9941690962099126
6 0.9912536443148688
7 0.9737609329446064
8 0.9912536443148688
9 0.9941690962099126
10 0.9795918367346939
11 0.9883381924198251
12 0.9941690962099126
13 0.9912536443148688
14 0.9912536443148688
15 0.9883381924198251
epoch 25, train loss 0.000000, train acc 1.000, valida loss 0.000000, valida acc 0.990, time 38.6 sec
0 0.9912790697674418
1 0.9941690962099126
2 0.9941690962099126
3 0.9912536443148688
4 0.9912536443148688
5 0.9941690962099126
6 0.9912536443148688
7 0.9737609329446064
8 0.9912536443148688
9 0.9941690962099126
10 0.9795918367346939
11 0.9883381924198251
12 0.9941690962099126
13 0.9912536443148688
14 0.9912536443148688
15 0.9883381924198251
epoch 26, train loss 0.000000, train acc 1.000, valida loss 0.000000, valida acc 0.990, time 38.7 sec
0 0.9912790697674418
1 0.9941690962099126
2 0.9941690962099126
3 0.9912536443148688
4 0.9912536443148688
5 0.9941690962099126
6 0.9912536443148688
7 0.9737609329446064
8 0.9912536443148688
9 0.9941690962099126
10 0.9795918367346939
11 0.9883381924198251
12 0.9941690962099126
13 0.9912536443148688
14 0.9912536443148688
15 0.9883381924198251
epoch 27, train loss 0.000008, train acc 1.000, valida loss 0.000000, valida acc 0.990, time 38.4 sec
0 0.9912790697674418
1 0.9941690962099126
2 0.9941690962099126
3 0.9912536443148688
4 0.9912536443148688
5 0.9941690962099126
6 0.9912536443148688
7 0.9737609329446064
8 0.9912536443148688
9 0.9970845481049563
10 0.9795918367346939
11 0.9883381924198251
12 0.9970845481049563
13 0.9912536443148688
14 0.9912536443148688
15 0.9883381924198251
epoch 28, train loss 0.000000, train acc 1.000, valida loss 0.000000, valida acc 0.990, time 38.4 sec
0 0.9912790697674418
1 0.9941690962099126
2 0.9941690962099126
3 0.9912536443148688
4 0.9912536443148688
5 0.9941690962099126
6 0.9912536443148688
7 0.9737609329446064
8 0.9912536443148688
9 0.9970845481049563
10 0.9795918367346939
11 0.9883381924198251
12 0.9970845481049563
13 0.9912536443148688
14 0.9912536443148688
15 0.9883381924198251
epoch 29, train loss 0.000000, train acc 1.000, valida loss 0.000000, valida acc 0.990, time 38.3 sec
0 0.9912790697674418
1 0.9941690962099126
2 0.9941690962099126
3 0.9912536443148688
4 0.9912536443148688
5 0.9941690962099126
6 0.9912536443148688
7 0.9737609329446064
8 0.9912536443148688
9 0.9970845481049563
10 0.9795918367346939
11 0.9883381924198251
12 0.9970845481049563
13 0.9912536443148688
14 0.9912536443148688
15 0.9883381924198251
epoch 30, train loss 0.000000, train acc 1.000, valida loss 0.000000, valida acc 0.991, time 38.0 sec
0 0.9912790697674418
1 0.9941690962099126
2 0.9941690962099126
3 0.9912536443148688
4 0.9912536443148688
5 0.9941690962099126
6 0.9912536443148688
7 0.9737609329446064
8 0.9912536443148688
9 0.9970845481049563
10 0.9795918367346939
11 0.9883381924198251
12 1.0
13 0.9912536443148688
14 0.9912536443148688
15 0.9883381924198251
epoch 30, loss 0.0000, train acc 1.000, time 1150.8 sec
iter: 2
Train size:  4272
Test size:  38504
Validation size:  4272
-----Selecting Small Pieces from the Original Cube Data-----
edge data size torch.Size([5489, 1, 11, 11, 103])
training on  cuda
epoch 1, train loss 0.274553, train acc 0.827, valida loss 0.000000, valida acc 0.914, time 38.2 sec
0 0.9215116279069767
1 0.9125364431486881
2 0.9300291545189504
3 0.9300291545189504
4 0.9446064139941691
5 0.9271137026239067
6 0.9037900874635568
7 0.8892128279883382
8 0.8979591836734694
9 0.924198250728863
10 0.8892128279883382
11 0.9183673469387755
12 0.892128279883382
13 0.9183673469387755
14 0.9183673469387755
15 0.9096209912536443
epoch 2, train loss 0.020958, train acc 0.954, valida loss 0.000000, valida acc 0.969, time 38.1 sec
0 0.9796511627906976
1 0.9737609329446064
2 0.9620991253644315
3 0.9737609329446064
4 0.9854227405247813
5 0.9620991253644315
6 0.9591836734693877
7 0.956268221574344
8 0.9650145772594753
9 0.967930029154519
10 0.9620991253644315
11 0.967930029154519
12 0.9591836734693877
13 0.9737609329446064
14 0.9737609329446064
15 0.9766763848396501
epoch 3, train loss 0.009170, train acc 0.988, valida loss 0.000000, valida acc 0.964, time 38.0 sec
0 0.9534883720930233
1 0.967930029154519
2 0.9650145772594753
3 0.956268221574344
4 0.9591836734693877
5 0.9795918367346939
6 0.9650145772594753
7 0.9620991253644315
8 0.9650145772594753
9 0.956268221574344
10 0.967930029154519
11 0.967930029154519
12 0.9475218658892128
13 0.9795918367346939
14 0.9591836734693877
15 0.9737609329446064
epoch 4, train loss 0.003041, train acc 0.994, valida loss 0.000000, valida acc 0.974, time 38.0 sec
0 0.9738372093023255
1 0.9708454810495627
2 0.967930029154519
3 0.9795918367346939
4 0.9766763848396501
5 0.9912536443148688
6 0.9795918367346939
7 0.9591836734693877
8 0.9737609329446064
9 0.9650145772594753
10 0.9795918367346939
11 0.9825072886297376
12 0.9650145772594753
13 0.9825072886297376
14 0.9708454810495627
15 0.9591836734693877
epoch 5, train loss 0.003944, train acc 0.999, valida loss 0.000000, valida acc 0.991, time 38.3 sec
0 0.9912790697674418
1 0.9970845481049563
2 0.9854227405247813
3 0.9912536443148688
4 0.9970845481049563
5 0.9970845481049563
6 0.9912536443148688
7 0.9825072886297376
8 0.9941690962099126
9 0.9941690962099126
10 0.9883381924198251
11 0.9854227405247813
12 0.9854227405247813
13 0.9970845481049563
14 0.9941690962099126
15 0.9912536443148688
epoch 6, train loss 0.006957, train acc 0.993, valida loss 0.000000, valida acc 0.951, time 38.3 sec
0 0.9331395348837209
1 0.9591836734693877
2 0.9358600583090378
3 0.9650145772594753
4 0.9650145772594753
5 0.9708454810495627
6 0.9620991253644315
7 0.9416909620991254
8 0.9475218658892128
9 0.9504373177842566
10 0.9504373177842566
11 0.9475218658892128
12 0.9358600583090378
13 0.9650145772594753
14 0.9416909620991254
15 0.9446064139941691
epoch 7, train loss 0.042120, train acc 0.983, valida loss 0.000000, valida acc 0.957, time 38.1 sec
0 0.9505813953488372
1 0.9737609329446064
2 0.9533527696793003
3 0.9416909620991254
4 0.967930029154519
5 0.9737609329446064
6 0.9620991253644315
7 0.956268221574344
8 0.956268221574344
9 0.9504373177842566
10 0.9504373177842566
11 0.9533527696793003
12 0.9591836734693877
13 0.9533527696793003
14 0.956268221574344
15 0.956268221574344
epoch 8, train loss 0.000527, train acc 0.992, valida loss 0.000000, valida acc 0.990, time 38.6 sec
0 0.9854651162790697
1 0.9912536443148688
2 0.9970845481049563
3 0.9912536443148688
4 0.9825072886297376
5 0.9970845481049563
6 0.9941690962099126
7 0.9912536443148688
8 0.9941690962099126
9 0.9941690962099126
10 0.9883381924198251
11 0.9883381924198251
12 0.9825072886297376
13 0.9912536443148688
14 0.9854227405247813
15 0.9795918367346939
epoch 9, train loss 0.005764, train acc 0.990, valida loss 0.000000, valida acc 0.986, time 38.2 sec
0 0.9883720930232558
1 0.9854227405247813
2 0.9766763848396501
3 0.9941690962099126
4 0.9883381924198251
5 0.9883381924198251
6 0.9825072886297376
7 0.9883381924198251
8 0.9883381924198251
9 0.9854227405247813
10 0.9766763848396501
11 0.9854227405247813
12 0.9854227405247813
13 0.9912536443148688
14 0.9854227405247813
15 0.9854227405247813
epoch 10, train loss 0.000188, train acc 0.999, valida loss 0.000000, valida acc 0.994, time 38.2 sec
0 0.9883720930232558
1 0.9912536443148688
2 0.9970845481049563
3 0.9941690962099126
4 0.9912536443148688
5 1.0
6 0.9912536443148688
7 0.9941690962099126
8 0.9941690962099126
9 0.9970845481049563
10 0.9941690962099126
11 0.9912536443148688
12 0.9970845481049563
13 0.9970845481049563
14 1.0
15 0.9912536443148688
epoch 11, train loss 0.000027, train acc 1.000, valida loss 0.000000, valida acc 0.994, time 38.1 sec
0 0.9883720930232558
1 0.9912536443148688
2 0.9912536443148688
3 0.9912536443148688
4 0.9941690962099126
5 1.0
6 0.9941690962099126
7 0.9941690962099126
8 0.9941690962099126
9 0.9970845481049563
10 0.9941690962099126
11 0.9941690962099126
12 0.9941690962099126
13 0.9941690962099126
14 0.9941690962099126
15 0.9912536443148688
epoch 12, train loss 0.000021, train acc 1.000, valida loss 0.000000, valida acc 0.995, time 38.0 sec
0 0.9854651162790697
1 0.9941690962099126
2 0.9912536443148688
3 0.9941690962099126
4 0.9970845481049563
5 1.0
6 0.9941690962099126
7 1.0
8 0.9970845481049563
9 0.9970845481049563
10 0.9941690962099126
11 0.9912536443148688
12 0.9970845481049563
13 1.0
14 0.9970845481049563
15 0.9970845481049563
epoch 13, train loss 0.000000, train acc 1.000, valida loss 0.000000, valida acc 0.995, time 38.1 sec
0 0.9854651162790697
1 0.9941690962099126
2 0.9912536443148688
3 0.9941690962099126
4 0.9970845481049563
5 1.0
6 0.9941690962099126
7 1.0
8 0.9970845481049563
9 0.9970845481049563
10 0.9941690962099126
11 0.9912536443148688
12 0.9970845481049563
13 1.0
14 0.9970845481049563
15 0.9970845481049563
epoch 14, train loss 0.000009, train acc 1.000, valida loss 0.000000, valida acc 0.995, time 38.2 sec
0 0.9854651162790697
1 0.9941690962099126
2 0.9912536443148688
3 0.9941690962099126
4 0.9970845481049563
5 1.0
6 0.9941690962099126
7 1.0
8 0.9970845481049563
9 0.9970845481049563
10 0.9941690962099126
11 0.9912536443148688
12 0.9970845481049563
13 1.0
14 0.9970845481049563
15 0.9970845481049563
epoch 15, train loss 0.000014, train acc 1.000, valida loss 0.000000, valida acc 0.995, time 37.9 sec
0 0.9854651162790697
1 0.9941690962099126
2 0.9912536443148688
3 0.9941690962099126
4 0.9970845481049563
5 1.0
6 0.9941690962099126
7 1.0
8 0.9970845481049563
9 0.9970845481049563
10 0.9941690962099126
11 0.9912536443148688
12 0.9970845481049563
13 1.0
14 0.9970845481049563
15 0.9970845481049563
epoch 16, train loss 0.000002, train acc 1.000, valida loss 0.000000, valida acc 0.996, time 37.9 sec
0 0.9883720930232558
1 0.9941690962099126
2 0.9912536443148688
3 0.9941690962099126
4 0.9970845481049563
5 1.0
6 0.9941690962099126
7 1.0
8 0.9970845481049563
9 0.9970845481049563
10 0.9941690962099126
11 0.9912536443148688
12 0.9970845481049563
13 1.0
14 0.9970845481049563
15 0.9970845481049563
epoch 17, train loss 0.000002, train acc 1.000, valida loss 0.000000, valida acc 0.996, time 38.4 sec
0 0.9883720930232558
1 0.9941690962099126
2 0.9912536443148688
3 0.9941690962099126
4 0.9970845481049563
5 1.0
6 0.9941690962099126
7 1.0
8 0.9970845481049563
9 0.9970845481049563
10 0.9941690962099126
11 0.9912536443148688
12 0.9970845481049563
13 1.0
14 0.9970845481049563
15 0.9970845481049563
epoch 18, train loss 0.000003, train acc 1.000, valida loss 0.000000, valida acc 0.996, time 37.8 sec
0 0.9883720930232558
1 0.9941690962099126
2 0.9912536443148688
3 0.9941690962099126
4 0.9970845481049563
5 1.0
6 0.9941690962099126
7 1.0
8 0.9970845481049563
9 0.9970845481049563
10 0.9941690962099126
11 0.9912536443148688
12 0.9970845481049563
13 1.0
14 0.9970845481049563
15 0.9970845481049563
epoch 19, train loss 0.000003, train acc 1.000, valida loss 0.000000, valida acc 0.996, time 37.9 sec
0 0.9883720930232558
1 0.9941690962099126
2 0.9941690962099126
3 0.9941690962099126
4 0.9970845481049563
5 1.0
6 0.9941690962099126
7 1.0
8 0.9970845481049563
9 0.9970845481049563
10 0.9941690962099126
11 0.9912536443148688
12 0.9970845481049563
13 1.0
14 0.9970845481049563
15 0.9970845481049563
epoch 20, train loss 0.000001, train acc 1.000, valida loss 0.000000, valida acc 0.996, time 38.3 sec
0 0.9912790697674418
1 0.9941690962099126
2 0.9941690962099126
3 0.9941690962099126
4 0.9970845481049563
5 1.0
6 0.9941690962099126
7 1.0
8 0.9970845481049563
9 0.9970845481049563
10 0.9941690962099126
11 0.9912536443148688
12 0.9970845481049563
13 1.0
14 0.9970845481049563
15 0.9970845481049563
epoch 21, train loss 0.000001, train acc 1.000, valida loss 0.000000, valida acc 0.996, time 38.3 sec
0 0.9912790697674418
1 0.9941690962099126
2 0.9941690962099126
3 0.9941690962099126
4 0.9970845481049563
5 1.0
6 0.9941690962099126
7 1.0
8 0.9970845481049563
9 0.9970845481049563
10 0.9941690962099126
11 0.9912536443148688
12 0.9970845481049563
13 1.0
14 0.9970845481049563
15 0.9970845481049563
epoch 22, train loss 0.000000, train acc 1.000, valida loss 0.000000, valida acc 0.996, time 38.6 sec
0 0.9912790697674418
1 0.9941690962099126
2 0.9941690962099126
3 0.9941690962099126
4 0.9970845481049563
5 1.0
6 0.9941690962099126
7 1.0
8 0.9970845481049563
9 0.9970845481049563
10 0.9941690962099126
11 0.9912536443148688
12 0.9970845481049563
13 1.0
14 0.9970845481049563
15 0.9970845481049563
epoch 23, train loss 0.000003, train acc 1.000, valida loss 0.000000, valida acc 0.996, time 38.5 sec
0 0.9912790697674418
1 0.9941690962099126
2 0.9941690962099126
3 0.9941690962099126
4 0.9970845481049563
5 1.0
6 0.9941690962099126
7 1.0
8 0.9970845481049563
9 0.9970845481049563
10 0.9941690962099126
11 0.9912536443148688
12 0.9970845481049563
13 1.0
14 0.9970845481049563
15 0.9970845481049563
epoch 24, train loss 0.000032, train acc 1.000, valida loss 0.000000, valida acc 0.996, time 38.3 sec
0 0.9912790697674418
1 0.9941690962099126
2 0.9941690962099126
3 0.9941690962099126
4 1.0
5 1.0
6 0.9941690962099126
7 1.0
8 0.9970845481049563
9 0.9970845481049563
10 0.9941690962099126
11 0.9912536443148688
12 0.9970845481049563
13 1.0
14 0.9970845481049563
15 0.9970845481049563
epoch 25, train loss 0.000000, train acc 1.000, valida loss 0.000000, valida acc 0.996, time 38.6 sec
0 0.9912790697674418
1 0.9941690962099126
2 0.9941690962099126
3 0.9941690962099126
4 1.0
5 1.0
6 0.9941690962099126
7 1.0
8 0.9970845481049563
9 0.9970845481049563
10 0.9941690962099126
11 0.9912536443148688
12 0.9970845481049563
13 1.0
14 0.9970845481049563
15 0.9970845481049563
epoch 26, train loss 0.000003, train acc 1.000, valida loss 0.000000, valida acc 0.996, time 38.6 sec
0 0.9941860465116279
1 0.9941690962099126
2 0.9941690962099126
3 0.9941690962099126
4 1.0
5 1.0
6 0.9941690962099126
7 1.0
8 0.9970845481049563
9 0.9970845481049563
10 0.9941690962099126
11 0.9912536443148688
12 0.9970845481049563
13 1.0
14 0.9970845481049563
15 0.9970845481049563
epoch 27, train loss 0.000002, train acc 1.000, valida loss 0.000000, valida acc 0.996, time 38.6 sec
0 0.9941860465116279
1 0.9941690962099126
2 0.9941690962099126
3 0.9941690962099126
4 1.0
5 1.0
6 0.9941690962099126
7 1.0
8 0.9970845481049563
9 0.9970845481049563
10 0.9941690962099126
11 0.9912536443148688
12 0.9970845481049563
13 1.0
14 0.9970845481049563
15 0.9970845481049563
epoch 28, train loss 0.000002, train acc 1.000, valida loss 0.000000, valida acc 0.996, time 38.2 sec
0 0.9941860465116279
1 0.9941690962099126
2 0.9941690962099126
3 0.9941690962099126
4 1.0
5 1.0
6 0.9941690962099126
7 1.0
8 0.9970845481049563
9 0.9970845481049563
10 0.9941690962099126
11 0.9912536443148688
12 0.9970845481049563
13 1.0
14 0.9970845481049563
15 0.9970845481049563
epoch 29, train loss 0.000000, train acc 1.000, valida loss 0.000000, valida acc 0.996, time 38.6 sec
0 0.9941860465116279
1 0.9941690962099126
2 0.9941690962099126
3 0.9941690962099126
4 1.0
5 1.0
6 0.9941690962099126
7 1.0
8 0.9970845481049563
9 0.9970845481049563
10 0.9941690962099126
11 0.9912536443148688
12 0.9970845481049563
13 1.0
14 0.9970845481049563
15 0.9970845481049563
epoch 30, train loss 0.000010, train acc 1.000, valida loss 0.000000, valida acc 0.997, time 38.6 sec
0 0.9941860465116279
1 0.9941690962099126
2 0.9941690962099126
3 0.9941690962099126
4 1.0
5 1.0
6 0.9941690962099126
7 1.0
8 0.9970845481049563
9 0.9970845481049563
10 0.9941690962099126
11 0.9912536443148688
12 0.9970845481049563
13 1.0
14 1.0
15 0.9970845481049563
epoch 30, loss 0.0000, train acc 1.000, time 1147.2 sec
-------- Training Finished-----------
